<?xml version="1.0" encoding="UTF-8"?>
<testng-results skipped="0" failed="0" total="1" passed="1">
  <reporter-output>
  </reporter-output>
  <suite name="Default suite" duration-ms="10172" started-at="2017-12-18T11:41:56Z" finished-at="2017-12-18T11:42:06Z">
    <groups>
    </groups>
    <test name="Default test" duration-ms="10172" started-at="2017-12-18T11:41:56Z" finished-at="2017-12-18T11:42:06Z">
      <class name="SauseLabs">
        <test-method status="PASS" signature="browser()[pri:0, instance:SauseLabs@5fe5c6f]" name="browser" duration-ms="9565" started-at="2017-12-18T17:11:56Z" finished-at="2017-12-18T17:12:05Z">
          <reporter-output>
          </reporter-output>
        </test-method> <!-- browser -->
        <test-method status="PASS" signature="teardown(org.testng.ITestResult)[pri:0, instance:SauseLabs@5fe5c6f]" name="teardown" is-config="true" duration-ms="598" started-at="2017-12-18T17:12:05Z" finished-at="2017-12-18T17:12:06Z">
          <params>
            <param index="0">
              <value>
                <![CDATA[[TestResult name=browser status=SUCCESS method=SauseLabs.browser()[pri:0, instance:SauseLabs@5fe5c6f] output={null}]]]>
              </value>
            </param>
          </params>
          <reporter-output>
          </reporter-output>
        </test-method> <!-- teardown -->
      </class> <!-- SauseLabs -->
    </test> <!-- Default test -->
  </suite> <!-- Default suite -->
</testng-results>
